<?xml version="1.0" encoding="UTF-8"?>
<!-- Generated by org.testng.reporters.JUnitReportReporter -->
<testsuite hostname="test008" name="Control.login" tests="1" failures="0" timestamp="30 Mar 2018 05:56:03 GMT" time="0.393" errors="0">
  <testcase name="tologin" time="0.393" classname="Control.login"/>
</testsuite> <!-- Control.login -->
