<?xml version="1.0" encoding="UTF-8"?>
<!-- Generated by org.testng.reporters.JUnitReportReporter -->
<testsuite hostname="test008" name="Selenium.com.chensen.bj.Demo" tests="1" failures="0" timestamp="11 Sep 2017 03:23:35 GMT" time="0.009" errors="0">
  <testcase name="testDemo" time="0.009" classname="Selenium.com.chensen.bj.Demo"/>
</testsuite> <!-- Selenium.com.chensen.bj.Demo -->
