<?xml version="1.0" encoding="UTF-8"?>
<!-- Generated by org.testng.reporters.JUnitReportReporter -->
<testsuite hostname="test008" name="Control.login" tests="1" failures="0" timestamp="2 Apr 2018 07:17:24 GMT" time="0.450" errors="0">
  <testcase name="tologin" time="0.450" classname="Control.login"/>
</testsuite> <!-- Control.login -->
