<?xml version="1.0" encoding="UTF-8"?>
<!-- Generated by org.testng.reporters.JUnitReportReporter -->
<testsuite hostname="PC-201805181555" name="com.chensen.test.loginTest" tests="1" failures="0" timestamp="21 May 2018 10:29:29 GMT" time="9.976" errors="0">
  <testcase name="Asslogin" time="9.976" classname="com.chensen.test.loginTest"/>
</testsuite> <!-- com.chensen.test.loginTest -->
