<?xml version="1.0" encoding="UTF-8"?>
<!-- Generated by org.testng.reporters.JUnitReportReporter -->
<testsuite hostname="test008" name="com.chensen.base.AppTest" tests="1" failures="0" timestamp="16 May 2018 07:56:53 GMT" time="0.022" errors="0">
  <testcase name="test" time="0.022" classname="com.chensen.base.AppTest"/>
</testsuite> <!-- com.chensen.base.AppTest -->
